\BOOKMARK [0][-]{chapter.1}{\376\377\000A\000b\000s\000t\000r\000a\000c\000t\000\040\000A\000l\000g\000e\000b\000r\000a}{}% 1
\BOOKMARK [1][-]{section.1.1}{\376\377\000L\000i\000n\000e\000a\000r\000\040\000A\000l\000g\000e\000b\000r\000a}{chapter.1}% 2
\BOOKMARK [1][-]{section.1.2}{\376\377\000G\000r\000o\000u\000p\000\040\000T\000h\000e\000o\000r\000y}{chapter.1}% 3
\BOOKMARK [2][-]{subsection.1.2.1}{\376\377\000S\000u\000b\000g\000r\000o\000u\000p}{section.1.2}% 4
\BOOKMARK [2][-]{subsection.1.2.2}{\376\377\000F\000r\000e\000e\000\040\000G\000r\000o\000u\000p}{section.1.2}% 5
\BOOKMARK [1][-]{section.1.3}{\376\377\000R\000i\000n\000g\000\040\000T\000h\000e\000o\000r\000y}{chapter.1}% 6
\BOOKMARK [2][-]{subsection.1.3.1}{\376\377\000G\000e\000n\000e\000r\000a\000l\000\040\000C\000o\000n\000c\000e\000p\000t\000s}{section.1.3}% 7
\BOOKMARK [2][-]{subsection.1.3.2}{\376\377\000C\000o\000m\000m\000u\000t\000a\000t\000i\000v\000e\000\040\000R\000i\000n\000g}{section.1.3}% 8
\BOOKMARK [1][-]{section.1.4}{\376\377\000F\000i\000e\000l\000d\000\040\000T\000h\000e\000o\000r\000y}{chapter.1}% 9
\BOOKMARK [2][-]{subsection.1.4.1}{\376\377\000B\000a\000s\000i\000c\000\040\000C\000o\000n\000c\000e\000p\000t\000s}{section.1.4}% 10
\BOOKMARK [2][-]{subsection.1.4.2}{\376\377\000S\000e\000p\000a\000r\000a\000b\000l\000e}{section.1.4}% 11
\BOOKMARK [2][-]{subsection.1.4.3}{\376\377\000N\000o\000r\000m\000a\000l}{section.1.4}% 12
\BOOKMARK [2][-]{subsection.1.4.4}{\376\377\000G\000a\000l\000o\000i\000s}{section.1.4}% 13
\BOOKMARK [0][-]{chapter.2}{\376\377\000C\000o\000m\000m\000u\000t\000a\000t\000i\000v\000e\000\040\000A\000l\000g\000e\000b\000r\000a}{}% 14
\BOOKMARK [1][-]{section.2.1}{\376\377\000M\000o\000d\000u\000l\000e}{chapter.2}% 15
\BOOKMARK [1][-]{section.2.2}{\376\377\000S\000p\000e\000c\000t\000u\000r\000m}{chapter.2}% 16
\BOOKMARK [1][-]{section.2.3}{\376\377\000C\000h\000a\000i\000n\000\040\000c\000o\000n\000d\000i\000t\000i\000o\000n\000s}{chapter.2}% 17
\BOOKMARK [1][-]{section.2.4}{\376\377\000L\000o\000c\000a\000l\000i\000z\000a\000t\000i\000o\000n}{chapter.2}% 18
\BOOKMARK [1][-]{section.2.5}{\376\377\000I\000n\000t\000e\000r\000g\000r\000a\000l\000\040\000E\000x\000t\000e\000n\000s\000i\000o\000n}{chapter.2}% 19
\BOOKMARK [1][-]{section.2.6}{\376\377\000D\000e\000d\000e\000k\000i\000n\000d\000\040\000D\000o\000m\000a\000i\000n}{chapter.2}% 20
\BOOKMARK [1][-]{section.2.7}{\376\377\000F\000l\000a\000t\000n\000e\000s\000s}{chapter.2}% 21
\BOOKMARK [1][-]{section.2.8}{\376\377\000H\000i\000l\000b\000e\000r\000t\000'\000s\000\040\000N\000u\000l\000l\000s\000t\000e\000l\000l\000e\000n\000s\000a\000t\000z}{chapter.2}% 22
\BOOKMARK [1][-]{section.2.9}{\376\377\000D\000i\000m\000e\000n\000s\000i\000o\000n\000\040\000T\000h\000e\000o\000r\000y}{chapter.2}% 23
\BOOKMARK [1][-]{section.2.10}{\376\377\000G\000r\000a\000d\000e\000d\000\040\000R\000i\000n\000g}{chapter.2}% 24
\BOOKMARK [1][-]{section.2.11}{\376\377\000C\000o\000m\000p\000l\000e\000t\000i\000o\000n}{chapter.2}% 25
\BOOKMARK [1][-]{section.2.12}{\376\377\000L\000o\000c\000a\000l\000\040\000R\000i\000n\000g}{chapter.2}% 26
\BOOKMARK [1][-]{section.2.13}{\376\377\000A\000s\000s\000o\000c\000i\000a\000t\000e\000d\000\040\000P\000r\000i\000m\000e\000s}{chapter.2}% 27
\BOOKMARK [1][-]{section.2.14}{\376\377\000F\000i\000n\000i\000t\000e\000\040\000a\000n\000d\000\040\000F\000i\000n\000i\000t\000e\000\040\000R\000e\000p\000r\000e\000s\000e\000n\000t\000a\000t\000i\000o\000n}{chapter.2}% 28
\BOOKMARK [0][-]{chapter.3}{\376\377\000H\000o\000m\000o\000l\000o\000g\000i\000c\000a\000l\000\040\000A\000l\000g\000e\000r\000b\000a}{}% 29
\BOOKMARK [1][-]{section.3.1}{\376\377\000B\000a\000s\000i\000c\000\040\000D\000e\000f\000i\000n\000i\000t\000i\000o\000n\000\040\000i\000n\000\040\000C\000a\000t\000e\000g\000o\000r\000y}{chapter.3}% 30
\BOOKMARK [1][-]{section.3.2}{\376\377\000F\000i\000b\000e\000r\000\040\000p\000r\000o\000d\000u\000c\000t}{chapter.3}% 31
\BOOKMARK [1][-]{section.3.3}{\376\377\000A\000b\000e\000l\000i\000a\000n\000\040\000C\000a\000t\000e\000g\000o\000r\000y}{chapter.3}% 32
\BOOKMARK [1][-]{section.3.4}{\376\377\000D\000e\000r\000i\000v\000e\000d\000\040\000F\000u\000n\000c\000t\000o\000r}{chapter.3}% 33
\BOOKMARK [1][-]{section.3.5}{\376\377\000E\000x\000t\000\040\000a\000n\000d\000\040\000T\000o\000r}{chapter.3}% 34
\BOOKMARK [1][-]{section.3.6}{\376\377\000G\000r\000o\000u\000p\000\040\000C\000o\000h\000o\000m\000o\000l\000o\000g\000y}{chapter.3}% 35
\BOOKMARK [0][-]{chapter.4}{\376\377\000R\000e\000p\000r\000e\000s\000e\000n\000t\000a\000t\000i\000o\000n\000\040\000T\000h\000e\000o\000r\000y}{}% 36
\BOOKMARK [1][-]{section.4.1}{\376\377\000D\000e\000f\000i\000n\000i\000t\000i\000o\000n}{chapter.4}% 37
\BOOKMARK [1][-]{section.4.2}{\376\377\000C\000h\000a\000r\000a\000c\000t\000e\000r}{chapter.4}% 38
\BOOKMARK [1][-]{section.4.3}{\376\377\000I\000n\000d\000u\000c\000e\000d\000\040\000R\000e\000p\000r\000e\000s\000e\000n\000t\000a\000t\000i\000o\000n}{chapter.4}% 39
