\BOOKMARK [0][-]{chapter.1}{\376\377\000G\000l\000o\000b\000a\000l\000\040\000F\000i\000e\000l\000d}{}% 1
\BOOKMARK [1][-]{section.1.1}{\376\377\000T\000r\000a\000c\000e\000\040\000a\000n\000d\000\040\000N\000o\000r\000m}{chapter.1}% 2
\BOOKMARK [1][-]{section.1.2}{\376\377\000M\000i\000n\000k\000o\000w\000s\000k\000i\000\040\000T\000h\000o\000e\000r\000y}{chapter.1}% 3
\BOOKMARK [1][-]{section.1.3}{\376\377\000R\000a\000m\000i\000f\000i\000c\000a\000t\000i\000o\000n\000\040\000T\000h\000e\000o\000r\000y}{chapter.1}% 4
\BOOKMARK [1][-]{section.1.4}{\376\377\000A\000d\000e\000l\000e\000s\000\040\000a\000n\000d\000\040\000I\000d\000e\000l\000e\000s}{chapter.1}% 5
\BOOKMARK [0][-]{chapter.2}{\376\377\000L\000o\000c\000a\000l\000\040\000F\000i\000e\000l\000d}{}% 6
\BOOKMARK [1][-]{section.2.1}{\376\377\000T\000o\000p\000o\000l\000o\000g\000i\000c\000a\000l\000\040\000G\000r\000o\000u\000p}{chapter.2}% 7
\BOOKMARK [1][-]{section.2.2}{\376\377\000I\000n\000f\000i\000n\000i\000t\000e\000\040\000G\000a\000l\000o\000i\000s\000\040\000T\000h\000e\000o\000r\000y}{chapter.2}% 8
\BOOKMARK [1][-]{section.2.3}{\376\377\000V\000a\000l\000u\000a\000t\000i\000o\000n\000s}{chapter.2}% 9
\BOOKMARK [1][-]{section.2.4}{\376\377\000p\000-\000a\000d\000i\000c\000\040\000a\000n\000a\000l\000y\000s\000i\000s}{chapter.2}% 10
\BOOKMARK [0][-]{chapter.3}{\376\377\000T\000a\000t\000e\000'\000s\000\040\000T\000h\000e\000s\000i\000s}{}% 11
\BOOKMARK [1][-]{section.3.1}{\376\377\000L\000o\000c\000a\000l\000\040\000c\000h\000a\000r\000a\000c\000t\000e\000r\000s\000\040\000a\000n\000d\000\040\000H\000a\000a\000r\000\040\000M\000e\000a\000s\000u\000r\000e}{chapter.3}% 12
\BOOKMARK [1][-]{section.3.2}{\376\377\000G\000l\000o\000b\000a\000l\000\040\000F\000u\000n\000c\000t\000i\000o\000n\000a\000l\000\040\000E\000q\000u\000a\000t\000i\000o\000n}{chapter.3}% 13
\BOOKMARK [0][-]{chapter.4}{\376\377\000C\000l\000a\000s\000s\000\040\000F\000i\000e\000l\000d\000\040\000T\000h\000e\000o\000r\000y\000\040\000a\000n\000d\000\040\000L\000-\000f\000u\000n\000c\000t\000i\000o\000n\000s}{}% 14
\BOOKMARK [1][-]{section.4.1}{\376\377\000Q\000u\000a\000d\000r\000a\000t\000i\000c\000\040\000F\000o\000r\000m\000s}{chapter.4}% 15
\BOOKMARK [1][-]{section.4.2}{\376\377\000K\000r\000o\000n\000e\000c\000k\000e\000r\000-\000W\000e\000b\000e\000r}{chapter.4}% 16
\BOOKMARK [1][-]{section.4.3}{\376\377\000M\000a\000i\000n\000\040\000T\000h\000e\000o\000r\000e\000m\000s\000\040\000o\000f\000\040\000C\000l\000a\000s\000s\000\040\000F\000i\000e\000l\000d\000\040\000T\000h\000e\000o\000r\000y}{chapter.4}% 17
\BOOKMARK [1][-]{section.4.4}{\376\377\000G\000a\000l\000o\000i\000s\000\040\000G\000r\000o\000u\000p\000\040\000A\000c\000t\000i\000o\000n}{chapter.4}% 18
\BOOKMARK [0][-]{chapter.5}{\376\377\000L\000-\000f\000u\000n\000c\000t\000i\000o\000n}{}% 19
\BOOKMARK [1][-]{section.5.1}{\376\377\000D\000i\000r\000c\000h\000l\000e\000t\000\040\000S\000e\000r\000i\000e\000s}{chapter.5}% 20
\BOOKMARK [1][-]{section.5.2}{\376\377\000A\000r\000t\000i\000n\000\040\000L\000-\000F\000u\000n\000c\000t\000i\000o\000n\000s}{chapter.5}% 21
\BOOKMARK [0][-]{chapter.6}{\376\377\000M\000o\000d\000u\000l\000a\000r\000\040\000F\000o\000r\000m\000s}{}% 22
