\BOOKMARK [0][-]{chapter.1}{\376\377\000F\000o\000u\000n\000d\000a\000t\000i\000o\000n}{}% 1
\BOOKMARK [1][-]{section.1.1}{\376\377\000C\000o\000n\000s\000t\000r\000u\000c\000t\000i\000o\000n\000\040\000o\000f\000\040\000R\000e\000a\000l\000\040\000N\000u\000m\000b\000e\000r}{chapter.1}% 2
\BOOKMARK [1][-]{section.1.2}{\376\377\000P\000o\000i\000n\000t\000-\000S\000e\000t\000\040\000T\000o\000p\000o\000l\000o\000g\000y}{chapter.1}% 3
\BOOKMARK [2][-]{subsection.1.2.1}{\376\377\000D\000e\000f\000i\000n\000i\000t\000i\000o\000n}{section.1.2}% 4
\BOOKMARK [2][-]{subsection.1.2.2}{\376\377\000M\000e\000t\000r\000i\000c\000\040\000s\000p\000a\000c\000e}{section.1.2}% 5
\BOOKMARK [2][-]{subsection.1.2.3}{\376\377\000C\000o\000m\000p\000a\000c\000t\000n\000e\000s\000s}{section.1.2}% 6
\BOOKMARK [2][-]{subsection.1.2.4}{\376\377\000C\000o\000n\000n\000e\000c\000t\000n\000e\000s\000s}{section.1.2}% 7
\BOOKMARK [2][-]{subsection.1.2.5}{\376\377\000C\000o\000u\000n\000t\000a\000b\000i\000l\000i\000t\000y}{section.1.2}% 8
\BOOKMARK [2][-]{subsection.1.2.6}{\376\377\000S\000e\000p\000a\000r\000a\000t\000i\000o\000n}{section.1.2}% 9
\BOOKMARK [2][-]{subsection.1.2.7}{\376\377\000C\000o\000m\000p\000l\000e\000t\000e\000n\000e\000s\000s}{section.1.2}% 10
\BOOKMARK [1][-]{section.1.3}{\376\377\000L\000i\000m\000i\000t}{chapter.1}% 11
\BOOKMARK [2][-]{subsection.1.3.1}{\376\377\000L\000i\000m\000i\000t\000\040\000S\000u\000p\000e\000r\000i\000o\000r\000\040\000a\000n\000d\000\040\000L\000i\000m\000i\000t\000\040\000I\000n\000f\000e\000r\000i\000o\000r}{section.1.3}% 12
\BOOKMARK [2][-]{subsection.1.3.2}{\376\377\000S\000e\000r\000i\000e\000s}{section.1.3}% 13
\BOOKMARK [2][-]{subsection.1.3.3}{\376\377\000S\000o\000m\000e\000\040\000I\000m\000p\000o\000r\000t\000a\000n\000t\000\040\000L\000i\000m\000i\000t\000s}{section.1.3}% 14
\BOOKMARK [2][-]{subsection.1.3.4}{\376\377\000P\000o\000w\000e\000r\000\040\000S\000e\000r\000i\000e\000s}{section.1.3}% 15
\BOOKMARK [2][-]{subsection.1.3.5}{\376\377\000E\000x\000p\000o\000e\000n\000t\000i\000a\000l\000\040\000a\000n\000d\000\040\000R\000e\000l\000a\000t\000e\000d\000\040\000F\000u\000n\000c\000t\000i\000o\000n\000s}{section.1.3}% 16
\BOOKMARK [1][-]{section.1.4}{\376\377\000F\000u\000n\000c\000t\000i\000o\000n\000s\000\040\000o\000f\000\040\000S\000i\000n\000g\000l\000e\000\040\000v\000a\000r\000i\000a\000b\000l\000e}{chapter.1}% 17
\BOOKMARK [1][-]{section.1.5}{\376\377\000S\000e\000v\000e\000r\000a\000l\000\040\000V\000a\000r\000i\000a\000b\000l\000e\000s\000\040\000f\000u\000n\000c\000t\000i\000o\000n\000s}{chapter.1}% 18
\BOOKMARK [0][-]{chapter.2}{\376\377\000M\000e\000a\000s\000u\000r\000e}{}% 19
\BOOKMARK [1][-]{section.2.1}{\376\377\000M\000e\000a\000s\000u\000r\000e\000\040\000S\000p\000a\000c\000e}{chapter.2}% 20
\BOOKMARK [1][-]{section.2.2}{\376\377\000I\000n\000t\000e\000r\000g\000r\000a\000t\000i\000o\000n}{chapter.2}% 21
\BOOKMARK [1][-]{section.2.3}{\376\377\000S\000i\000g\000n\000e\000d\000\040\000M\000e\000a\000s\000u\000r\000e\000\040\000a\000n\000d\000\040\000C\000o\000m\000p\000l\000e\000x\000\040\000M\000e\000a\000s\000u\000r\000e}{chapter.2}% 22
\BOOKMARK [1][-]{section.2.4}{\376\377\000F\000u\000n\000c\000t\000i\000o\000n\000\040\000o\000f\000\040\000b\000o\000u\000n\000d\000e\000d\000\040\000v\000a\000r\000i\000a\000t\000i\000o\000n}{chapter.2}% 23
\BOOKMARK [1][-]{section.2.5}{\376\377\000L\000p\000\040\000S\000p\000a\000c\000e}{chapter.2}% 24
\BOOKMARK [1][-]{section.2.6}{\376\377\000R\000a\000d\000o\000n\000\040\000m\000e\000a\000s\000u\000r\000e}{chapter.2}% 25
\BOOKMARK [0][-]{chapter.3}{\376\377\000C\000o\000m\000p\000l\000e\000x\000\040\000A\000n\000a\000l\000y\000s\000i\000s}{}% 26
\BOOKMARK [1][-]{section.3.1}{\376\377\000L\000i\000n\000e\000\040\000I\000n\000t\000e\000g\000r\000a\000t\000i\000o\000n}{chapter.3}% 27
\BOOKMARK [1][-]{section.3.2}{\376\377\000M\000u\000l\000t\000i\000p\000l\000e\000\040\000V\000a\000r\000i\000a\000b\000l\000e\000s}{chapter.3}% 28
\BOOKMARK [0][-]{chapter.4}{\376\377\000F\000u\000n\000c\000t\000i\000o\000n\000a\000l\000\040\000A\000n\000a\000l\000y\000s\000i\000s}{}% 29
\BOOKMARK [1][-]{section.4.1}{\376\377\000F\000o\000u\000n\000d\000a\000t\000i\000o\000n}{chapter.4}% 30
\BOOKMARK [1][-]{section.4.2}{\376\377\000T\000o\000p\000o\000l\000o\000g\000i\000c\000a\000l\000\040\000v\000e\000c\000t\000o\000r\000\040\000s\000p\000a\000c\000e}{chapter.4}% 31
\BOOKMARK [1][-]{section.4.3}{\376\377\000H\000i\000l\000b\000e\000r\000t\000\040\000S\000p\000a\000c\000e}{chapter.4}% 32
\BOOKMARK [1][-]{section.4.4}{\376\377\000S\000p\000e\000c\000t\000r\000u\000m\000\040\000o\000f\000\040\000O\000p\000e\000r\000t\000o\000r}{chapter.4}% 33
\BOOKMARK [0][-]{chapter.5}{\376\377\000H\000a\000r\000m\000o\000n\000i\000c\000\040\000A\000n\000a\000l\000y\000s\000i\000s}{}% 34
\BOOKMARK [1][-]{section.5.1}{\376\377\000F\000o\000u\000r\000i\000e\000r\000\040\000T\000r\000a\000n\000s\000f\000o\000r\000m}{chapter.5}% 35
