\BOOKMARK [0][-]{chapter.1}{\376\377\000T\000o\000p\000o\000l\000o\000g\000y}{}% 1
\BOOKMARK [1][-]{section.1.1}{\376\377\000Q\000u\000t\000o\000i\000e\000n\000t\000\040\000m\000a\000p}{chapter.1}% 2
\BOOKMARK [1][-]{section.1.2}{\376\377\000F\000u\000n\000d\000a\000m\000e\000n\000t\000a\000l\000\040\000G\000r\000o\000u\000p}{chapter.1}% 3
\BOOKMARK [1][-]{section.1.3}{\376\377\000C\000o\000v\000e\000r\000i\000n\000g\000\040\000s\000p\000a\000c\000e}{chapter.1}% 4
\BOOKMARK [1][-]{section.1.4}{\376\377\000S\000e\000i\000f\000e\000r\000t\000-\000v\000a\000n\000\040\000K\000a\000m\000p\000e\000n}{chapter.1}% 5
\BOOKMARK [1][-]{section.1.5}{\376\377\000H\000o\000m\000o\000t\000o\000p\000y\000\040\000e\000q\000u\000i\000v\000a\000l\000e\000n\000c\000e}{chapter.1}% 6
\BOOKMARK [1][-]{section.1.6}{\376\377\000C\000l\000a\000s\000s\000i\000f\000i\000c\000t\000i\000o\000n\000\040\000o\000f\000\040\000C\000o\000m\000p\000a\000c\000t\000\040\000S\000u\000r\000f\000a\000c\000e\000\040}{chapter.1}% 7
\BOOKMARK [0][-]{chapter.2}{\376\377\000D\000i\000f\000f\000e\000r\000e\000n\000t\000i\000a\000l\000\040\000M\000a\000n\000i\000f\000o\000l\000d}{}% 8
\BOOKMARK [1][-]{section.2.1}{\376\377\000F\000o\000u\000n\000d\000a\000t\000i\000o\000n}{chapter.2}% 9
\BOOKMARK [1][-]{section.2.2}{\376\377\000I\000m\000m\000e\000r\000s\000i\000o\000n\000s\000\040\000a\000n\000d\000\040\000S\000u\000b\000m\000e\000r\000s\000i\000o\000n\000s}{chapter.2}% 10
\BOOKMARK [1][-]{section.2.3}{\376\377\000V\000e\000c\000t\000o\000r\000\040\000F\000i\000e\000l\000d}{chapter.2}% 11
\BOOKMARK [1][-]{section.2.4}{\376\377\000D\000i\000f\000f\000e\000r\000e\000n\000t\000i\000a\000l\000\040\000f\000o\000r\000m}{chapter.2}% 12
\BOOKMARK [1][-]{section.2.5}{\376\377\000O\000r\000i\000e\000n\000t\000a\000t\000i\000o\000n}{chapter.2}% 13
\BOOKMARK [1][-]{section.2.6}{\376\377\000I\000n\000t\000e\000g\000r\000a\000t\000i\000o\000n\000\040\000o\000n\000\040\000m\000a\000n\000i\000f\000o\000l\000d}{chapter.2}% 14
\BOOKMARK [1][-]{section.2.7}{\376\377\000A\000f\000f\000i\000n\000e\000\040\000C\000o\000n\000n\000e\000c\000t\000i\000o\000n}{chapter.2}% 15
\BOOKMARK [1][-]{section.2.8}{\376\377\000E\000x\000p\000o\000n\000e\000n\000t\000i\000a\000l\000\040\000M\000a\000p}{chapter.2}% 16
\BOOKMARK [1][-]{section.2.9}{\376\377\000V\000o\000l\000u\000m\000e\000\040\000F\000o\000r\000m}{chapter.2}% 17
\BOOKMARK [1][-]{section.2.10}{\376\377\000C\000u\000r\000v\000a\000t\000u\000r\000e}{chapter.2}% 18
\BOOKMARK [0][-]{chapter.3}{\376\377\000R\000i\000e\000m\000a\000n\000n\000i\000a\000n\000\040\000G\000e\000o\000m\000e\000t\000r\000y}{}% 19
\BOOKMARK [0][-]{chapter.4}{\376\377\000R\000i\000e\000m\000a\000n\000n\000\040\000S\000u\000r\000f\000a\000c\000e}{}% 20
\BOOKMARK [1][-]{section.4.1}{\376\377\000F\000o\000u\000n\000d\000a\000t\000i\000o\000n}{chapter.4}% 21
\BOOKMARK [0][-]{chapter.5}{\376\377\000C\000o\000m\000p\000l\000e\000x\000\040\000G\000e\000o\000m\000e\000t\000r\000y}{}% 22
\BOOKMARK [0][-]{chapter.6}{\376\377\000L\000i\000e\000\040\000G\000r\000o\000u\000p}{}% 23
\BOOKMARK [1][-]{section.6.1}{\376\377\000F\000o\000u\000n\000d\000a\000t\000i\000o\000n}{chapter.6}% 24
