\BOOKMARK [0][-]{chapter.1}{\376\377\000F\000o\000u\000n\000d\000a\000t\000i\000o\000n}{}% 1
\BOOKMARK [1][-]{section.1.1}{\376\377\000C\000o\000n\000s\000t\000r\000u\000c\000t\000i\000o\000n\000\040\000o\000f\000\040\000R\000e\000a\000l\000\040\000N\000u\000m\000b\000e\000r}{chapter.1}% 2
\BOOKMARK [1][-]{section.1.2}{\376\377\000P\000o\000i\000n\000t\000-\000S\000e\000t\000\040\000T\000o\000p\000o\000l\000o\000g\000y}{chapter.1}% 3
\BOOKMARK [2][-]{subsection.1.2.1}{\376\377\000D\000e\000f\000i\000n\000i\000t\000i\000o\000n}{section.1.2}% 4
\BOOKMARK [2][-]{subsection.1.2.2}{\376\377\000M\000e\000t\000r\000i\000c\000\040\000s\000p\000a\000c\000e}{section.1.2}% 5
\BOOKMARK [2][-]{subsection.1.2.3}{\376\377\000C\000o\000m\000p\000a\000c\000t\000n\000e\000s\000s}{section.1.2}% 6
\BOOKMARK [2][-]{subsection.1.2.4}{\376\377\000C\000o\000n\000n\000e\000c\000t\000n\000e\000s\000s}{section.1.2}% 7
\BOOKMARK [2][-]{subsection.1.2.5}{\376\377\000C\000o\000u\000n\000t\000a\000b\000i\000l\000i\000t\000y}{section.1.2}% 8
\BOOKMARK [2][-]{subsection.1.2.6}{\376\377\000S\000e\000p\000a\000r\000a\000t\000i\000o\000n}{section.1.2}% 9
\BOOKMARK [2][-]{subsection.1.2.7}{\376\377\000C\000o\000m\000p\000l\000e\000t\000e\000n\000e\000s\000s}{section.1.2}% 10
\BOOKMARK [1][-]{section.1.3}{\376\377\000L\000i\000m\000i\000t}{chapter.1}% 11
\BOOKMARK [2][-]{subsection.1.3.1}{\376\377\000L\000i\000m\000i\000t\000\040\000S\000u\000p\000e\000r\000i\000o\000r\000\040\000a\000n\000d\000\040\000L\000i\000m\000i\000t\000\040\000I\000n\000f\000e\000r\000i\000o\000r}{section.1.3}% 12
\BOOKMARK [2][-]{subsection.1.3.2}{\376\377\000S\000e\000r\000i\000e\000s}{section.1.3}% 13
\BOOKMARK [1][-]{section.1.4}{\376\377\000F\000u\000n\000c\000t\000i\000o\000n\000s\000\040\000o\000f\000\040\000S\000i\000n\000g\000l\000e\000\040\000v\000a\000r\000i\000a\000b\000l\000e}{chapter.1}% 14
\BOOKMARK [2][-]{subsection.1.4.1}{\376\377\000M\000o\000n\000o\000t\000o\000n\000e\000\040\000F\000u\000n\000c\000t\000i\000o\000n\000s}{section.1.4}% 15
\BOOKMARK [2][-]{subsection.1.4.2}{\376\377\000P\000o\000w\000e\000r\000\040\000S\000e\000r\000i\000e\000s}{section.1.4}% 16
\BOOKMARK [2][-]{subsection.1.4.3}{\376\377\000D\000i\000f\000f\000e\000r\000e\000n\000t\000i\000a\000t\000i\000o\000n\000\040\000i\000n\000\040\000O\000n\000e\000\040\000V\000a\000r\000i\000a\000b\000l\000e}{section.1.4}% 17
\BOOKMARK [2][-]{subsection.1.4.4}{\376\377\000S\000e\000q\000u\000e\000n\000c\000e\000s\000\040\000o\000f\000\040\000F\000u\000n\000c\000t\000i\000o\000n\000s}{section.1.4}% 18
\BOOKMARK [1][-]{section.1.5}{\376\377\000M\000u\000l\000t\000i\000v\000a\000r\000i\000a\000b\000l\000e\000\040\000D\000i\000f\000f\000e\000r\000e\000n\000t\000i\000a\000l\000\040\000C\000a\000l\000c\000u\000l\000u\000s}{chapter.1}% 19
\BOOKMARK [2][-]{subsection.1.5.1}{\376\377\000D\000i\000f\000f\000e\000r\000e\000n\000t\000i\000a\000b\000i\000l\000i\000t\000y}{section.1.5}% 20
\BOOKMARK [2][-]{subsection.1.5.2}{\376\377\000C\000o\000n\000t\000i\000n\000u\000o\000u\000s\000\040\000M\000u\000l\000t\000i\000l\000i\000n\000e\000a\000r\000\040\000M\000a\000p}{section.1.5}% 21
\BOOKMARK [2][-]{subsection.1.5.3}{\376\377\000I\000n\000v\000e\000r\000s\000e\000\040\000m\000a\000p\000s\000\040\000a\000n\000d\000\040\000I\000m\000p\000l\000i\000c\000i\000t\000\040\000f\000u\000n\000c\000t\000i\000o\000n\000s}{section.1.5}% 22
\BOOKMARK [0][-]{chapter.2}{\376\377\000M\000e\000a\000s\000u\000r\000e}{}% 23
\BOOKMARK [1][-]{section.2.1}{\376\377\000M\000e\000a\000s\000u\000r\000e\000\040\000S\000p\000a\000c\000e}{chapter.2}% 24
\BOOKMARK [1][-]{section.2.2}{\376\377\000I\000n\000t\000e\000r\000g\000r\000a\000t\000i\000o\000n\000,\000\040\000R\000-\000v\000a\000l\000u\000e\000d}{chapter.2}% 25
\BOOKMARK [1][-]{section.2.3}{\376\377\000B\000o\000c\000h\000n\000e\000r\000-\000L\000e\000b\000e\000s\000g\000u\000e\000\040\000i\000n\000t\000e\000g\000r\000a\000l}{chapter.2}% 26
\BOOKMARK [1][-]{section.2.4}{\376\377\000L\000e\000b\000e\000s\000g\000u\000e\000\040\000M\000e\000a\000s\000u\000r\000e}{chapter.2}% 27
\BOOKMARK [1][-]{section.2.5}{\376\377\000S\000i\000g\000n\000e\000d\000\040\000M\000e\000a\000s\000u\000r\000e\000\040\000a\000n\000d\000\040\000C\000o\000m\000p\000l\000e\000x\000\040\000M\000e\000a\000s\000u\000r\000e}{chapter.2}% 28
\BOOKMARK [1][-]{section.2.6}{\376\377\000F\000u\000n\000c\000t\000i\000o\000n\000\040\000o\000f\000\040\000B\000o\000u\000n\000d\000e\000d\000\040\000V\000a\000r\000i\000a\000t\000i\000o\000n}{chapter.2}% 29
\BOOKMARK [1][-]{section.2.7}{\376\377\000R\000a\000d\000o\000n\000\040\000m\000e\000a\000s\000u\000r\000e}{chapter.2}% 30
\BOOKMARK [0][-]{chapter.3}{\376\377\000C\000o\000m\000p\000l\000e\000x\000\040\000A\000n\000a\000l\000y\000s\000i\000s}{}% 31
\BOOKMARK [1][-]{section.3.1}{\376\377\000T\000h\000e\000\040\000F\000u\000n\000d\000a\000m\000e\000n\000t\000a\000l\000\040\000T\000h\000e\000o\000r\000e\000m\000\040\000o\000f\000\040\000L\000i\000n\000e\000\040\000I\000n\000t\000e\000g\000r\000a\000l\000s}{chapter.3}% 32
\BOOKMARK [1][-]{section.3.2}{\376\377\000H\000o\000l\000o\000m\000o\000r\000p\000h\000i\000c\000\040\000f\000u\000n\000c\000t\000i\000o\000n\000s}{chapter.3}% 33
\BOOKMARK [1][-]{section.3.3}{\376\377\000M\000e\000r\000o\000m\000o\000r\000p\000h\000i\000c\000\040\000f\000u\000n\000c\000t\000i\000o\000n\000s}{chapter.3}% 34
\BOOKMARK [1][-]{section.3.4}{\376\377\000C\000o\000n\000f\000o\000r\000m\000a\000l\000\040\000m\000a\000p\000p\000i\000n\000g}{chapter.3}% 35
\BOOKMARK [0][-]{chapter.4}{\376\377\000F\000u\000n\000c\000t\000i\000o\000n\000a\000l\000\040\000A\000n\000a\000l\000y\000s\000i\000s}{}% 36
\BOOKMARK [1][-]{section.4.1}{\376\377\000F\000o\000u\000n\000d\000a\000t\000i\000o\000n}{chapter.4}% 37
\BOOKMARK [1][-]{section.4.2}{\376\377\000T\000o\000p\000o\000l\000o\000g\000i\000c\000a\000l\000\040\000V\000e\000c\000t\000o\000r\000\040\000S\000p\000a\000c\000e}{chapter.4}% 38
\BOOKMARK [1][-]{section.4.3}{\376\377\000H\000i\000l\000b\000e\000r\000t\000\040\000S\000p\000a\000c\000e}{chapter.4}% 39
\BOOKMARK [1][-]{section.4.4}{\376\377\000F\000r\000e\000d\000h\000o\000l\000m\000\040\000T\000h\000e\000o\000r\000y}{chapter.4}% 40
\BOOKMARK [1][-]{section.4.5}{\376\377\000S\000p\000e\000c\000t\000r\000u\000m\000\040\000o\000f\000\040\000O\000p\000e\000r\000a\000t\000o\000r}{chapter.4}% 41
\BOOKMARK [0][-]{chapter.5}{\376\377\000H\000a\000r\000m\000o\000n\000i\000c\000\040\000A\000n\000a\000l\000y\000s\000i\000s}{}% 42
\BOOKMARK [1][-]{section.5.1}{\376\377\000T\000o\000p\000o\000l\000o\000g\000i\000c\000a\000l\000\040\000G\000r\000o\000u\000p}{chapter.5}% 43
\BOOKMARK [1][-]{section.5.2}{\376\377\000U\000n\000i\000t\000a\000r\000y\000\040\000R\000e\000p\000r\000e\000s\000e\000n\000t\000a\000t\000i\000o\000n\000\040\000o\000f\000\040\000T\000o\000p\000o\000l\000o\000g\000i\000c\000a\000l\000\040\000G\000r\000o\000u\000p}{chapter.5}% 44
\BOOKMARK [1][-]{section.5.3}{\376\377\000F\000o\000u\000r\000i\000e\000r\000\040\000T\000r\000a\000n\000s\000f\000o\000r\000m}{chapter.5}% 45
\BOOKMARK [1][-]{section.5.4}{\376\377\000P\000o\000i\000n\000t\000w\000i\000s\000e\000\040\000C\000o\000n\000v\000e\000r\000g\000e\000n\000c\000e\000\040\000o\000f\000\040\000F\000o\000u\000r\000i\000e\000r\000\040\000S\000e\000r\000i\000e\000s}{chapter.5}% 46
\BOOKMARK [0][-]{chapter.6}{\376\377\000D\000i\000f\000f\000e\000r\000e\000n\000t\000i\000a\000l\000\040\000E\000q\000u\000a\000t\000i\000o\000n}{}% 47
\BOOKMARK [1][-]{section.6.1}{\376\377\000L\000i\000n\000e\000a\000r\000\040\000O\000D\000E}{chapter.6}% 48
\BOOKMARK [1][-]{section.6.2}{\376\377\000I\000n\000i\000t\000i\000a\000l\000\040\000V\000a\000l\000u\000e\000\040\000P\000r\000o\000b\000l\000e\000m}{chapter.6}% 49
